#! /usr/local/Cellar/icarus-verilog/10.2_1/bin/vvp
:ivl_version "10.2 (stable)" "(v10_2)";
:ivl_delay_selection "TYPICAL";
:vpi_time_precision + 0;
:vpi_module "system";
:vpi_module "vhdl_sys";
:vpi_module "v2005_math";
:vpi_module "va_math";
S_0x7fd172d06600 .scope module, "Multiplexer_9ch" "Multiplexer_9ch" 2 1;
 .timescale 0 0;
    .port_info 0 /OUTPUT 8 "mux_out"
    .port_info 1 /INPUT 8 "data_a"
    .port_info 2 /INPUT 8 "data_b"
    .port_info 3 /INPUT 8 "data_c"
    .port_info 4 /INPUT 8 "data_d"
    .port_info 5 /INPUT 8 "data_e"
    .port_info 6 /INPUT 8 "data_f"
    .port_info 7 /INPUT 8 "data_g"
    .port_info 8 /INPUT 8 "data_h"
    .port_info 9 /INPUT 8 "data_i"
    .port_info 10 /INPUT 5 "sel"
P_0x7fd172d003a0 .param/l "word_size" 0 2 1, +C4<00000000000000000000000000001000>;
o0x10100b008 .functor BUFZ 8, C4<zzzzzzzz>; HiZ drive
v0x7fd172d06950_0 .net "data_a", 7 0, o0x10100b008;  0 drivers
o0x10100b038 .functor BUFZ 8, C4<zzzzzzzz>; HiZ drive
v0x7fd172d16780_0 .net "data_b", 7 0, o0x10100b038;  0 drivers
o0x10100b068 .functor BUFZ 8, C4<zzzzzzzz>; HiZ drive
v0x7fd172d16820_0 .net "data_c", 7 0, o0x10100b068;  0 drivers
o0x10100b098 .functor BUFZ 8, C4<zzzzzzzz>; HiZ drive
v0x7fd172d168d0_0 .net "data_d", 7 0, o0x10100b098;  0 drivers
o0x10100b0c8 .functor BUFZ 8, C4<zzzzzzzz>; HiZ drive
v0x7fd172d16980_0 .net "data_e", 7 0, o0x10100b0c8;  0 drivers
o0x10100b0f8 .functor BUFZ 8, C4<zzzzzzzz>; HiZ drive
v0x7fd172d16a70_0 .net "data_f", 7 0, o0x10100b0f8;  0 drivers
o0x10100b128 .functor BUFZ 8, C4<zzzzzzzz>; HiZ drive
v0x7fd172d16b20_0 .net "data_g", 7 0, o0x10100b128;  0 drivers
o0x10100b158 .functor BUFZ 8, C4<zzzzzzzz>; HiZ drive
v0x7fd172d16bd0_0 .net "data_h", 7 0, o0x10100b158;  0 drivers
o0x10100b188 .functor BUFZ 8, C4<zzzzzzzz>; HiZ drive
v0x7fd172d16c80_0 .net "data_i", 7 0, o0x10100b188;  0 drivers
v0x7fd172d16d90_0 .var "mux_out", 7 0;
o0x10100b1e8 .functor BUFZ 5, C4<zzzzz>; HiZ drive
v0x7fd172d16e40_0 .net "sel", 4 0, o0x10100b1e8;  0 drivers
E_0x7fd172d003e0/0 .event edge, v0x7fd172d16980_0, v0x7fd172d168d0_0, v0x7fd172d16820_0, v0x7fd172d16780_0;
E_0x7fd172d003e0/1 .event edge, v0x7fd172d06950_0, v0x7fd172d16e40_0;
E_0x7fd172d003e0 .event/or E_0x7fd172d003e0/0, E_0x7fd172d003e0/1;
    .scope S_0x7fd172d06600;
T_0 ;
    %wait E_0x7fd172d003e0;
    %load/vec4 v0x7fd172d16e40_0;
    %dup/vec4;
    %pushi/vec4 0, 0, 5;
    %cmp/u;
    %jmp/1 T_0.0, 6;
    %dup/vec4;
    %pushi/vec4 1, 0, 5;
    %cmp/u;
    %jmp/1 T_0.1, 6;
    %dup/vec4;
    %pushi/vec4 2, 0, 5;
    %cmp/u;
    %jmp/1 T_0.2, 6;
    %dup/vec4;
    %pushi/vec4 3, 0, 5;
    %cmp/u;
    %jmp/1 T_0.3, 6;
    %dup/vec4;
    %pushi/vec4 4, 0, 5;
    %cmp/u;
    %jmp/1 T_0.4, 6;
    %dup/vec4;
    %pushi/vec4 5, 0, 5;
    %cmp/u;
    %jmp/1 T_0.5, 6;
    %dup/vec4;
    %pushi/vec4 6, 0, 5;
    %cmp/u;
    %jmp/1 T_0.6, 6;
    %dup/vec4;
    %pushi/vec4 7, 0, 5;
    %cmp/u;
    %jmp/1 T_0.7, 6;
    %dup/vec4;
    %pushi/vec4 8, 0, 5;
    %cmp/u;
    %jmp/1 T_0.8, 6;
    %pushi/vec4 255, 255, 8;
    %store/vec4 v0x7fd172d16d90_0, 0, 8;
    %jmp T_0.10;
T_0.0 ;
    %load/vec4 v0x7fd172d06950_0;
    %store/vec4 v0x7fd172d16d90_0, 0, 8;
    %jmp T_0.10;
T_0.1 ;
    %load/vec4 v0x7fd172d16780_0;
    %store/vec4 v0x7fd172d16d90_0, 0, 8;
    %jmp T_0.10;
T_0.2 ;
    %load/vec4 v0x7fd172d16820_0;
    %store/vec4 v0x7fd172d16d90_0, 0, 8;
    %jmp T_0.10;
T_0.3 ;
    %load/vec4 v0x7fd172d168d0_0;
    %store/vec4 v0x7fd172d16d90_0, 0, 8;
    %jmp T_0.10;
T_0.4 ;
    %load/vec4 v0x7fd172d16980_0;
    %store/vec4 v0x7fd172d16d90_0, 0, 8;
    %jmp T_0.10;
T_0.5 ;
    %load/vec4 v0x7fd172d16a70_0;
    %store/vec4 v0x7fd172d16d90_0, 0, 8;
    %jmp T_0.10;
T_0.6 ;
    %load/vec4 v0x7fd172d16b20_0;
    %store/vec4 v0x7fd172d16d90_0, 0, 8;
    %jmp T_0.10;
T_0.7 ;
    %load/vec4 v0x7fd172d16bd0_0;
    %store/vec4 v0x7fd172d16d90_0, 0, 8;
    %jmp T_0.10;
T_0.8 ;
    %load/vec4 v0x7fd172d16c80_0;
    %store/vec4 v0x7fd172d16d90_0, 0, 8;
    %jmp T_0.10;
T_0.10 ;
    %pop/vec4 1;
    %jmp T_0;
    .thread T_0, $push;
# The file index is used to find the file name in the following table.
:file_names 3;
    "N/A";
    "<interactive>";
    "10mux.v";
