#! /usr/local/Cellar/icarus-verilog/10.2_1/bin/vvp
:ivl_version "10.2 (stable)" "(v10_2)";
:ivl_delay_selection "TYPICAL";
:vpi_time_precision + 0;
:vpi_module "system";
:vpi_module "vhdl_sys";
:vpi_module "v2005_math";
:vpi_module "va_math";
S_0x7f8ea6602e60 .scope module, "Multiplexer_3ch" "Multiplexer_3ch" 2 1;
 .timescale 0 0;
    .port_info 0 /OUTPUT 8 "mux_out"
    .port_info 1 /INPUT 8 "data_a"
    .port_info 2 /INPUT 8 "data_b"
    .port_info 3 /INPUT 8 "data_c"
    .port_info 4 /INPUT 2 "sel"
P_0x7f8ea6602780 .param/l "word_size" 0 2 2, +C4<00000000000000000000000000001000>;
v0x7f8ea6603040_0 .net *"_s0", 31 0, L_0x7f8ea6613fb0;  1 drivers
L_0x102fef098 .functor BUFT 1, C4<000000000000000000000000000000>, C4<0>, C4<0>, C4<0>;
v0x7f8ea6613100_0 .net *"_s11", 29 0, L_0x102fef098;  1 drivers
L_0x102fef0e0 .functor BUFT 1, C4<00000000000000000000000000000001>, C4<0>, C4<0>, C4<0>;
v0x7f8ea66131a0_0 .net/2u *"_s12", 31 0, L_0x102fef0e0;  1 drivers
v0x7f8ea6613250_0 .net *"_s14", 0 0, L_0x7f8ea6614340;  1 drivers
v0x7f8ea66132f0_0 .net *"_s16", 31 0, L_0x7f8ea6614480;  1 drivers
L_0x102fef128 .functor BUFT 1, C4<000000000000000000000000000000>, C4<0>, C4<0>, C4<0>;
v0x7f8ea66133e0_0 .net *"_s19", 29 0, L_0x102fef128;  1 drivers
L_0x102fef170 .functor BUFT 1, C4<00000000000000000000000000000010>, C4<0>, C4<0>, C4<0>;
v0x7f8ea6613490_0 .net/2u *"_s20", 31 0, L_0x102fef170;  1 drivers
v0x7f8ea6613540_0 .net *"_s22", 0 0, L_0x7f8ea66145d0;  1 drivers
L_0x102fef1b8 .functor BUFT 1, C4<xxxxxxxx>, C4<0>, C4<0>, C4<0>;
v0x7f8ea66135e0_0 .net *"_s24", 7 0, L_0x102fef1b8;  1 drivers
v0x7f8ea66136f0_0 .net *"_s26", 7 0, L_0x7f8ea66146f0;  1 drivers
v0x7f8ea66137a0_0 .net *"_s28", 7 0, L_0x7f8ea6614850;  1 drivers
L_0x102fef008 .functor BUFT 1, C4<000000000000000000000000000000>, C4<0>, C4<0>, C4<0>;
v0x7f8ea6613850_0 .net *"_s3", 29 0, L_0x102fef008;  1 drivers
L_0x102fef050 .functor BUFT 1, C4<00000000000000000000000000000000>, C4<0>, C4<0>, C4<0>;
v0x7f8ea6613900_0 .net/2u *"_s4", 31 0, L_0x102fef050;  1 drivers
v0x7f8ea66139b0_0 .net *"_s6", 0 0, L_0x7f8ea66140c0;  1 drivers
v0x7f8ea6613a50_0 .net *"_s8", 31 0, L_0x7f8ea66141e0;  1 drivers
o0x102fbd2d8 .functor BUFZ 8, C4<zzzzzzzz>; HiZ drive
v0x7f8ea6613b00_0 .net "data_a", 7 0, o0x102fbd2d8;  0 drivers
o0x102fbd308 .functor BUFZ 8, C4<zzzzzzzz>; HiZ drive
v0x7f8ea6613bb0_0 .net "data_b", 7 0, o0x102fbd308;  0 drivers
o0x102fbd338 .functor BUFZ 8, C4<zzzzzzzz>; HiZ drive
v0x7f8ea6613d40_0 .net "data_c", 7 0, o0x102fbd338;  0 drivers
v0x7f8ea6613dd0_0 .net "mux_out", 7 0, L_0x7f8ea6614970;  1 drivers
o0x102fbd398 .functor BUFZ 2, C4<zz>; HiZ drive
v0x7f8ea6613e80_0 .net "sel", 1 0, o0x102fbd398;  0 drivers
L_0x7f8ea6613fb0 .concat [ 2 30 0 0], o0x102fbd398, L_0x102fef008;
L_0x7f8ea66140c0 .cmp/eq 32, L_0x7f8ea6613fb0, L_0x102fef050;
L_0x7f8ea66141e0 .concat [ 2 30 0 0], o0x102fbd398, L_0x102fef098;
L_0x7f8ea6614340 .cmp/eq 32, L_0x7f8ea66141e0, L_0x102fef0e0;
L_0x7f8ea6614480 .concat [ 2 30 0 0], o0x102fbd398, L_0x102fef128;
L_0x7f8ea66145d0 .cmp/eq 32, L_0x7f8ea6614480, L_0x102fef170;
L_0x7f8ea66146f0 .functor MUXZ 8, L_0x102fef1b8, o0x102fbd338, L_0x7f8ea66145d0, C4<>;
L_0x7f8ea6614850 .functor MUXZ 8, L_0x7f8ea66146f0, o0x102fbd308, L_0x7f8ea6614340, C4<>;
L_0x7f8ea6614970 .functor MUXZ 8, L_0x7f8ea6614850, o0x102fbd2d8, L_0x7f8ea66140c0, C4<>;
# The file index is used to find the file name in the following table.
:file_names 3;
    "N/A";
    "<interactive>";
    "3mux.v";
