#! /usr/local/Cellar/icarus-verilog/10.2_1/bin/vvp
:ivl_version "10.2 (stable)" "(v10_2)";
:ivl_delay_selection "TYPICAL";
:vpi_time_precision + 0;
:vpi_module "system";
:vpi_module "vhdl_sys";
:vpi_module "v2005_math";
:vpi_module "va_math";
S_0x7fb8ac604a40 .scope module, "Multiplexer_5ch" "Multiplexer_5ch" 2 1;
 .timescale 0 0;
    .port_info 0 /OUTPUT 8 "mux_out"
    .port_info 1 /INPUT 8 "data_a"
    .port_info 2 /INPUT 8 "data_b"
    .port_info 3 /INPUT 8 "data_c"
    .port_info 4 /INPUT 8 "data_d"
    .port_info 5 /INPUT 8 "data_e"
    .port_info 6 /INPUT 3 "sel"
P_0x7fb8ac6003a0 .param/l "word_size" 0 2 1, +C4<00000000000000000000000000001000>;
o0x10caf8008 .functor BUFZ 8, C4<zzzzzzzz>; HiZ drive
v0x7fb8ac604cd0_0 .net "data_a", 7 0, o0x10caf8008;  0 drivers
o0x10caf8038 .functor BUFZ 8, C4<zzzzzzzz>; HiZ drive
v0x7fb8ac614be0_0 .net "data_b", 7 0, o0x10caf8038;  0 drivers
o0x10caf8068 .functor BUFZ 8, C4<zzzzzzzz>; HiZ drive
v0x7fb8ac614c80_0 .net "data_c", 7 0, o0x10caf8068;  0 drivers
o0x10caf8098 .functor BUFZ 8, C4<zzzzzzzz>; HiZ drive
v0x7fb8ac614d30_0 .net "data_d", 7 0, o0x10caf8098;  0 drivers
o0x10caf80c8 .functor BUFZ 8, C4<zzzzzzzz>; HiZ drive
v0x7fb8ac614de0_0 .net "data_e", 7 0, o0x10caf80c8;  0 drivers
v0x7fb8ac614ed0_0 .var "mux_out", 7 0;
o0x10caf8128 .functor BUFZ 3, C4<zzz>; HiZ drive
v0x7fb8ac614f80_0 .net "sel", 2 0, o0x10caf8128;  0 drivers
E_0x7fb8ac6003e0/0 .event edge, v0x7fb8ac614de0_0, v0x7fb8ac614d30_0, v0x7fb8ac614c80_0, v0x7fb8ac614be0_0;
E_0x7fb8ac6003e0/1 .event edge, v0x7fb8ac604cd0_0, v0x7fb8ac614f80_0;
E_0x7fb8ac6003e0 .event/or E_0x7fb8ac6003e0/0, E_0x7fb8ac6003e0/1;
    .scope S_0x7fb8ac604a40;
T_0 ;
    %wait E_0x7fb8ac6003e0;
    %load/vec4 v0x7fb8ac614f80_0;
    %dup/vec4;
    %pushi/vec4 0, 0, 3;
    %cmp/u;
    %jmp/1 T_0.0, 6;
    %dup/vec4;
    %pushi/vec4 1, 0, 3;
    %cmp/u;
    %jmp/1 T_0.1, 6;
    %dup/vec4;
    %pushi/vec4 2, 0, 3;
    %cmp/u;
    %jmp/1 T_0.2, 6;
    %dup/vec4;
    %pushi/vec4 3, 0, 3;
    %cmp/u;
    %jmp/1 T_0.3, 6;
    %dup/vec4;
    %pushi/vec4 4, 0, 3;
    %cmp/u;
    %jmp/1 T_0.4, 6;
    %pushi/vec4 255, 255, 8;
    %store/vec4 v0x7fb8ac614ed0_0, 0, 8;
    %jmp T_0.6;
T_0.0 ;
    %load/vec4 v0x7fb8ac604cd0_0;
    %store/vec4 v0x7fb8ac614ed0_0, 0, 8;
    %jmp T_0.6;
T_0.1 ;
    %load/vec4 v0x7fb8ac614be0_0;
    %store/vec4 v0x7fb8ac614ed0_0, 0, 8;
    %jmp T_0.6;
T_0.2 ;
    %load/vec4 v0x7fb8ac614c80_0;
    %store/vec4 v0x7fb8ac614ed0_0, 0, 8;
    %jmp T_0.6;
T_0.3 ;
    %load/vec4 v0x7fb8ac614d30_0;
    %store/vec4 v0x7fb8ac614ed0_0, 0, 8;
    %jmp T_0.6;
T_0.4 ;
    %load/vec4 v0x7fb8ac614de0_0;
    %store/vec4 v0x7fb8ac614ed0_0, 0, 8;
    %jmp T_0.6;
T_0.6 ;
    %pop/vec4 1;
    %jmp T_0;
    .thread T_0, $push;
# The file index is used to find the file name in the following table.
:file_names 3;
    "N/A";
    "<interactive>";
    "5mux.v";
