#! /usr/local/Cellar/icarus-verilog/10.2_1/bin/vvp
:ivl_version "10.2 (stable)" "(v10_2)";
:ivl_delay_selection "TYPICAL";
:vpi_time_precision + 0;
:vpi_module "system";
:vpi_module "vhdl_sys";
:vpi_module "v2005_math";
:vpi_module "va_math";
S_0x7fc327c08890 .scope module, "Address_Register" "Address_Register" 2 10;
 .timescale 0 0;
    .port_info 0 /OUTPUT 8 "data_out"
    .port_info 1 /INPUT 8 "data_in"
    .port_info 2 /INPUT 1 "load"
    .port_info 3 /INPUT 1 "clk"
    .port_info 4 /INPUT 1 "rst"
P_0x7fc327c04f40 .param/l "word_size" 0 2 11, +C4<00000000000000000000000000001000>;
o0x1046c5008 .functor BUFZ 1, C4<z>; HiZ drive
v0x7fc327c08b50_0 .net "clk", 0 0, o0x1046c5008;  0 drivers
o0x1046c5038 .functor BUFZ 8, C4<zzzzzzzz>; HiZ drive
v0x7fc327c18930_0 .net "data_in", 7 0, o0x1046c5038;  0 drivers
v0x7fc327c189d0_0 .var "data_out", 7 0;
o0x1046c5098 .functor BUFZ 1, C4<z>; HiZ drive
v0x7fc327c18a80_0 .net "load", 0 0, o0x1046c5098;  0 drivers
o0x1046c50c8 .functor BUFZ 1, C4<z>; HiZ drive
v0x7fc327c18b20_0 .net "rst", 0 0, o0x1046c50c8;  0 drivers
E_0x7fc327c04ac0/0 .event negedge, v0x7fc327c18b20_0;
E_0x7fc327c04ac0/1 .event posedge, v0x7fc327c08b50_0;
E_0x7fc327c04ac0 .event/or E_0x7fc327c04ac0/0, E_0x7fc327c04ac0/1;
S_0x7fc327c089f0 .scope module, "D_flop" "D_flop" 2 1;
 .timescale 0 0;
    .port_info 0 /OUTPUT 1 "data_out"
    .port_info 1 /INPUT 1 "data_in"
    .port_info 2 /INPUT 1 "load"
    .port_info 3 /INPUT 1 "clk"
    .port_info 4 /INPUT 1 "rst"
o0x1046c51e8 .functor BUFZ 1, C4<z>; HiZ drive
v0x7fc327c18c80_0 .net "clk", 0 0, o0x1046c51e8;  0 drivers
o0x1046c5218 .functor BUFZ 1, C4<z>; HiZ drive
v0x7fc327c18d30_0 .net "data_in", 0 0, o0x1046c5218;  0 drivers
v0x7fc327c18dd0_0 .var "data_out", 0 0;
o0x1046c5278 .functor BUFZ 1, C4<z>; HiZ drive
v0x7fc327c18e80_0 .net "load", 0 0, o0x1046c5278;  0 drivers
o0x1046c52a8 .functor BUFZ 1, C4<z>; HiZ drive
v0x7fc327c18f20_0 .net "rst", 0 0, o0x1046c52a8;  0 drivers
E_0x7fc327c04f80/0 .event negedge, v0x7fc327c18f20_0;
E_0x7fc327c04f80/1 .event posedge, v0x7fc327c18c80_0;
E_0x7fc327c04f80 .event/or E_0x7fc327c04f80/0, E_0x7fc327c04f80/1;
    .scope S_0x7fc327c08890;
T_0 ;
    %wait E_0x7fc327c04ac0;
    %load/vec4 v0x7fc327c18b20_0;
    %pad/u 32;
    %cmpi/e 0, 0, 32;
    %jmp/0xz  T_0.0, 4;
    %pushi/vec4 0, 0, 8;
    %assign/vec4 v0x7fc327c189d0_0, 0;
    %jmp T_0.1;
T_0.0 ;
    %load/vec4 v0x7fc327c18a80_0;
    %flag_set/vec4 8;
    %jmp/0xz  T_0.2, 8;
    %load/vec4 v0x7fc327c18930_0;
    %assign/vec4 v0x7fc327c189d0_0, 0;
T_0.2 ;
T_0.1 ;
    %jmp T_0;
    .thread T_0;
    .scope S_0x7fc327c089f0;
T_1 ;
    %wait E_0x7fc327c04f80;
    %load/vec4 v0x7fc327c18f20_0;
    %pad/u 32;
    %cmpi/e 0, 0, 32;
    %jmp/0xz  T_1.0, 4;
    %pushi/vec4 0, 0, 1;
    %assign/vec4 v0x7fc327c18dd0_0, 0;
    %jmp T_1.1;
T_1.0 ;
    %load/vec4 v0x7fc327c18e80_0;
    %pad/u 32;
    %cmpi/e 1, 0, 32;
    %jmp/0xz  T_1.2, 4;
    %load/vec4 v0x7fc327c18d30_0;
    %assign/vec4 v0x7fc327c18dd0_0, 0;
T_1.2 ;
T_1.1 ;
    %jmp T_1;
    .thread T_1;
# The file index is used to find the file name in the following table.
:file_names 3;
    "N/A";
    "<interactive>";
    "D_flop.v";
