#! /usr/local/Cellar/icarus-verilog/10.2_1/bin/vvp
:ivl_version "10.2 (stable)" "(v10_2)";
:ivl_delay_selection "TYPICAL";
:vpi_time_precision + 0;
:vpi_module "system";
:vpi_module "vhdl_sys";
:vpi_module "v2005_math";
:vpi_module "va_math";
S_0x7fd4794088a0 .scope module, "Address_Register" "Address_Register" 2 11;
 .timescale 0 0;
    .port_info 0 /OUTPUT 8 "data_out"
    .port_info 1 /INPUT 8 "data_in"
    .port_info 2 /INPUT 1 "load"
    .port_info 3 /INPUT 1 "clk"
    .port_info 4 /INPUT 1 "rst"
P_0x7fd479404f50 .param/l "word_size" 0 2 12, +C4<00000000000000000000000000001000>;
o0x10782c008 .functor BUFZ 1, C4<z>; HiZ drive
v0x7fd479408b60_0 .net "clk", 0 0, o0x10782c008;  0 drivers
o0x10782c038 .functor BUFZ 8, C4<zzzzzzzz>; HiZ drive
v0x7fd479418940_0 .net "data_in", 7 0, o0x10782c038;  0 drivers
v0x7fd4794189e0_0 .var "data_out", 7 0;
o0x10782c098 .functor BUFZ 1, C4<z>; HiZ drive
v0x7fd479418a90_0 .net "load", 0 0, o0x10782c098;  0 drivers
o0x10782c0c8 .functor BUFZ 1, C4<z>; HiZ drive
v0x7fd479418b30_0 .net "rst", 0 0, o0x10782c0c8;  0 drivers
E_0x7fd479404ad0/0 .event negedge, v0x7fd479418b30_0;
E_0x7fd479404ad0/1 .event posedge, v0x7fd479408b60_0;
E_0x7fd479404ad0 .event/or E_0x7fd479404ad0/0, E_0x7fd479404ad0/1;
S_0x7fd479408a00 .scope module, "D_flop" "D_flop" 2 1;
 .timescale 0 0;
    .port_info 0 /OUTPUT 1 "data_out"
    .port_info 1 /INPUT 1 "data_in"
    .port_info 2 /INPUT 1 "load"
    .port_info 3 /INPUT 1 "clk"
    .port_info 4 /INPUT 1 "rst"
o0x10782c1e8 .functor BUFZ 1, C4<z>; HiZ drive
v0x7fd479418c90_0 .net "clk", 0 0, o0x10782c1e8;  0 drivers
o0x10782c218 .functor BUFZ 1, C4<z>; HiZ drive
v0x7fd479418d40_0 .net "data_in", 0 0, o0x10782c218;  0 drivers
v0x7fd479418de0_0 .var "data_out", 0 0;
o0x10782c278 .functor BUFZ 1, C4<z>; HiZ drive
v0x7fd479418e90_0 .net "load", 0 0, o0x10782c278;  0 drivers
o0x10782c2a8 .functor BUFZ 1, C4<z>; HiZ drive
v0x7fd479418f30_0 .net "rst", 0 0, o0x10782c2a8;  0 drivers
E_0x7fd479404f90/0 .event negedge, v0x7fd479418f30_0;
E_0x7fd479404f90/1 .event posedge, v0x7fd479418c90_0;
E_0x7fd479404f90 .event/or E_0x7fd479404f90/0, E_0x7fd479404f90/1;
    .scope S_0x7fd4794088a0;
T_0 ;
    %wait E_0x7fd479404ad0;
    %load/vec4 v0x7fd479418b30_0;
    %pad/u 32;
    %cmpi/e 0, 0, 32;
    %jmp/0xz  T_0.0, 4;
    %pushi/vec4 0, 0, 8;
    %assign/vec4 v0x7fd4794189e0_0, 0;
    %jmp T_0.1;
T_0.0 ;
    %load/vec4 v0x7fd479418a90_0;
    %flag_set/vec4 8;
    %jmp/0xz  T_0.2, 8;
    %load/vec4 v0x7fd479418940_0;
    %assign/vec4 v0x7fd4794189e0_0, 0;
T_0.2 ;
T_0.1 ;
    %jmp T_0;
    .thread T_0;
    .scope S_0x7fd479408a00;
T_1 ;
    %wait E_0x7fd479404f90;
    %load/vec4 v0x7fd479418f30_0;
    %pad/u 32;
    %cmpi/e 0, 0, 32;
    %jmp/0xz  T_1.0, 4;
    %pushi/vec4 0, 0, 1;
    %assign/vec4 v0x7fd479418de0_0, 0;
    %jmp T_1.1;
T_1.0 ;
    %load/vec4 v0x7fd479418e90_0;
    %pad/u 32;
    %cmpi/e 1, 0, 32;
    %jmp/0xz  T_1.2, 4;
    %load/vec4 v0x7fd479418d40_0;
    %assign/vec4 v0x7fd479418de0_0, 0;
T_1.2 ;
T_1.1 ;
    %jmp T_1;
    .thread T_1;
# The file index is used to find the file name in the following table.
:file_names 3;
    "N/A";
    "<interactive>";
    "instruction_register.v";
