#! /usr/local/Cellar/icarus-verilog/10.2_1/bin/vvp
:ivl_version "10.2 (stable)" "(v10_2)";
:ivl_delay_selection "TYPICAL";
:vpi_time_precision + 0;
:vpi_module "system";
:vpi_module "vhdl_sys";
:vpi_module "v2005_math";
:vpi_module "va_math";
S_0x7fecf66033d0 .scope module, "Memory_Unit" "Memory_Unit" 2 1;
 .timescale 0 0;
    .port_info 0 /OUTPUT 8 "data_out"
    .port_info 1 /INPUT 8 "data_in"
    .port_info 2 /INPUT 8 "address"
    .port_info 3 /INPUT 1 "clk"
    .port_info 4 /INPUT 1 "write"
P_0x7fecf6602940 .param/l "memory_size" 0 2 3, +C4<00000000000000000000000100000000>;
P_0x7fecf6602980 .param/l "word_size" 0 2 2, +C4<00000000000000000000000000001000>;
L_0x7fecf6613e70 .functor BUFZ 8, L_0x7fecf6613c70, C4<00000000>, C4<00000000>, C4<00000000>;
v0x7fecf66035f0_0 .net *"_s0", 7 0, L_0x7fecf6613c70;  1 drivers
v0x7fecf6613610_0 .net *"_s2", 9 0, L_0x7fecf6613d10;  1 drivers
L_0x10b785008 .functor BUFT 1, C4<00>, C4<0>, C4<0>, C4<0>;
v0x7fecf66136b0_0 .net *"_s5", 1 0, L_0x10b785008;  1 drivers
o0x10b753098 .functor BUFZ 8, C4<zzzzzzzz>; HiZ drive
v0x7fecf6613760_0 .net "address", 7 0, o0x10b753098;  0 drivers
o0x10b7530c8 .functor BUFZ 1, C4<z>; HiZ drive
v0x7fecf6613810_0 .net "clk", 0 0, o0x10b7530c8;  0 drivers
o0x10b7530f8 .functor BUFZ 8, C4<zzzzzzzz>; HiZ drive
v0x7fecf66138f0_0 .net "data_in", 7 0, o0x10b7530f8;  0 drivers
v0x7fecf66139a0_0 .net "data_out", 7 0, L_0x7fecf6613e70;  1 drivers
v0x7fecf6613a50 .array "memory", 0 255, 7 0;
o0x10b753158 .functor BUFZ 1, C4<z>; HiZ drive
v0x7fecf6613af0_0 .net "write", 0 0, o0x10b753158;  0 drivers
E_0x7fecf6600d20 .event posedge, v0x7fecf6613810_0;
L_0x7fecf6613c70 .array/port v0x7fecf6613a50, L_0x7fecf6613d10;
L_0x7fecf6613d10 .concat [ 8 2 0 0], o0x10b753098, L_0x10b785008;
    .scope S_0x7fecf66033d0;
T_0 ;
    %wait E_0x7fecf6600d20;
    %load/vec4 v0x7fecf6613af0_0;
    %flag_set/vec4 8;
    %jmp/0xz  T_0.0, 8;
    %load/vec4 v0x7fecf66138f0_0;
    %load/vec4 v0x7fecf6613760_0;
    %pad/u 10;
    %ix/vec4 4;
    %store/vec4a v0x7fecf6613a50, 4, 0;
T_0.0 ;
    %jmp T_0;
    .thread T_0;
# The file index is used to find the file name in the following table.
:file_names 3;
    "N/A";
    "<interactive>";
    "memory_unit.v";
